app/buildout/outputs/logs/manifest-merger-debug-report.txt
-- Merging decision tree log ---
manifest
ADDED from src/main/AndroidManifest.xml:2:1-406:12
INJECTED from src/main/AndroidManifest.xml:2:1-406:12
INJECTED from src/main/AndroidManifest.xml:2:1-406:12
INJECTED from src/main/AndroidManifest.xml:2:1-406:12
MERGED from [:library:core] AndroidManifest.xml:17:1-26:12
MERGED from [:weidi_library] AndroidManifest.xml:2:1-34:12
MERGED from [com.fanjun:keeplive:1.1.20] AndroidManifest.xml:2:1-36:12
MERGED from [androidx.appcompat:appcompat:1.0.0] AndroidManifest.xml:17:1-22:12
MERGED from [androidx.cardview:cardview:1.0.0] AndroidManifest.xml:17:1-22:12
MERGED from [androidx.legacy:legacy-support-v13:1.0.0] AndroidManifest.xml:17:1-22:12
MERGED from [androidx.legacy:legacy-support-v4:1.0.0] AndroidManifest.xml:17:1-22:12
MERGED from [androidx.gridlayout:gridlayout:1.0.0] AndroidManifest.xml:17:1-22:12
MERGED from [androidx.media:media:1.0.0] AndroidManifest.xml:17:1-22:12
MERGED from [androidx.fragment:fragment:1.0.0] AndroidManifest.xml:17:1-22:12
MERGED from [androidx.vectordrawable:vectordrawable-animated:1.0.0] AndroidManifest.xml:17:1-22:12
MERGED from [androidx.legacy:legacy-support-core-ui:1.0.0] AndroidManifest.xml:17:1-22:12
MERGED from [androidx.legacy:legacy-support-core-utils:1.0.0] AndroidManifest.xml:17:1-22:12
MERGED from [androidx.vectordrawable:vectordrawable:1.0.0] AndroidManifest.xml:17:1-22:12
MERGED from [androidx.loader:loader:1.0.0] AndroidManifest.xml:17:1-22:12
MERGED from [androidx.viewpager:viewpager:1.0.0] AndroidManifest.xml:17:1-22:12
MERGED from [androidx.coordinatorlayout:coordinatorlayout:1.0.0] AndroidManifest.xml:17:1-22:12
MERGED from [androidx.drawerlayout:drawerlayout:1.0.0] AndroidManifest.xml:17:1-22:12
MERGED from [androidx.slidingpanelayout:slidingpanelayout:1.0.0] AndroidManifest.xml:17:1-22:12
MERGED from [androidx.customview:customview:1.0.0] AndroidManifest.xml:17:1-22:12
MERGED from [androidx.swiperefreshlayout:swiperefreshlayout:1.0.0] AndroidManifest.xml:17:1-22:12
MERGED from [androidx.asynclayoutinflater:asynclayoutinflater:1.0.0] AndroidManifest.xml:17:1-22:12
MERGED from [androidx.core:core:1.0.0] AndroidManifest.xml:17:1-24:12
MERGED from [androidx.versionedparcelable:versionedparcelable:1.0.0] AndroidManifest.xml:17:1-25:12
MERGED from [androidx.cursoradapter:cursoradapter:1.0.0] AndroidManifest.xml:17:1-22:12
MERGED from [androidx.lifecycle:lifecycle-runtime:2.0.0] AndroidManifest.xml:17:1-22:12
MERGED from [androidx.documentfile:documentfile:1.0.0] AndroidManifest.xml:17:1-22:12
MERGED from [androidx.localbroadcastmanager:localbroadcastmanager:1.0.0] AndroidManifest.xml:17:1-22:12
MERGED from [androidx.print:print:1.0.0] AndroidManifest.xml:17:1-22:12
MERGED from [androidx.interpolator:interpolator:1.0.0] AndroidManifest.xml:17:1-22:12
MERGED from [androidx.lifecycle:lifecycle-viewmodel:2.0.0] AndroidManifest.xml:17:1-22:12
MERGED from [androidx.lifecycle:lifecycle-livedata:2.0.0] AndroidManifest.xml:17:1-22:12
MERGED from [androidx.lifecycle:lifecycle-livedata-core:2.0.0] AndroidManifest.xml:17:1-22:12
MERGED from [androidx.arch.core:core-runtime:2.0.0] AndroidManifest.xml:17:1-22:12
MERGED from [androidx.constraintlayout:constraintlayout:1.1.3] AndroidManifest.xml:2:1-11:12
INJECTED from src/main/AndroidManifest.xml:2:1-406:12
INJECTED from src/main/AndroidManifest.xml:2:1-406:12
INJECTED from src/main/AndroidManifest.xml:2:1-406:12
	package
		ADDED from src/main/AndroidManifest.xml:3:5-37
		INJECTED from src/main/AndroidManifest.xml
		INJECTED from src/main/AndroidManifest.xml
	android:versionName
		INJECTED from src/main/AndroidManifest.xml
		ADDED from src/main/AndroidManifest.xml:2:1-406:12
		INJECTED from src/main/AndroidManifest.xml
	android:versionCode
		INJECTED from src/main/AndroidManifest.xml
		ADDED from src/main/AndroidManifest.xml:2:1-406:12
		INJECTED from src/main/AndroidManifest.xml
	xmlns:android
		ADDED from src/main/AndroidManifest.xml:2:11-69
uses-feature#android.hardware.camera
ADDED from src/main/AndroidManifest.xml:6:5-8:36
	android:required
		ADDED from src/main/AndroidManifest.xml:8:9-33
	android:name
		ADDED from src/main/AndroidManifest.xml:7:9-47
uses-feature#android.hardware.camera.flash
ADDED from src/main/AndroidManifest.xml:10:5-12:36
	android:required
		ADDED from src/main/AndroidManifest.xml:12:9-33
	android:name
		ADDED from src/main/AndroidManifest.xml:11:9-53
uses-feature#android.hardware.camera.autofocus
ADDED from src/main/AndroidManifest.xml:14:5-16:36
	android:required
		ADDED from src/main/AndroidManifest.xml:16:9-33
	android:name
		ADDED from src/main/AndroidManifest.xml:15:9-57
uses-feature#android.hardware.usb.host
ADDED from src/main/AndroidManifest.xml:18:5-20:35
	android:required
		ADDED from src/main/AndroidManifest.xml:20:9-32
	android:name
		ADDED from src/main/AndroidManifest.xml:19:9-49
uses-permission#android.permission.CAMERA
ADDED from src/main/AndroidManifest.xml:23:5-65
	android:name
		ADDED from src/main/AndroidManifest.xml:23:22-62
uses-permission#android.permission.RECEIVE_BOOT_COMPLETED
ADDED from src/main/AndroidManifest.xml:25:5-81
MERGED from [com.fanjun:keeplive:1.1.20] AndroidManifest.xml:14:5-81
MERGED from [com.fanjun:keeplive:1.1.20] AndroidManifest.xml:14:5-81
	android:name
		ADDED from src/main/AndroidManifest.xml:25:22-78
uses-permission#android.permission.RECORD_AUDIO
ADDED from src/main/AndroidManifest.xml:26:5-71
	android:name
		ADDED from src/main/AndroidManifest.xml:26:22-68
uses-permission#android.permission.READ_EXTERNAL_STORAGE
ADDED from src/main/AndroidManifest.xml:28:5-80
	android:name
		ADDED from src/main/AndroidManifest.xml:28:22-77
uses-permission#android.permission.WRITE_EXTERNAL_STORAGE
ADDED from src/main/AndroidManifest.xml:29:5-81
	android:name
		ADDED from src/main/AndroidManifest.xml:29:22-78
uses-permission#android.permission.SYSTEM_ALERT_WINDOW
ADDED from src/main/AndroidManifest.xml:31:5-78
	android:name
		ADDED from src/main/AndroidManifest.xml:31:22-75
uses-permission#android.permission.HARDWARE_TEST
ADDED from src/main/AndroidManifest.xml:33:5-72
	android:name
		ADDED from src/main/AndroidManifest.xml:33:22-69
uses-permission#android.permission.WAKE_LOCK
ADDED from src/main/AndroidManifest.xml:34:5-68
	android:name
		ADDED from src/main/AndroidManifest.xml:34:22-65
uses-permission#android.permission.REQUEST_IGNORE_BATTERY_OPTIMIZATIONS
ADDED from src/main/AndroidManifest.xml:36:5-95
	android:name
		ADDED from src/main/AndroidManifest.xml:36:22-92
uses-permission#android.permission.BIND_ACCESSIBILITY_SERVICE
ADDED from src/main/AndroidManifest.xml:37:5-85
	android:name
		ADDED from src/main/AndroidManifest.xml:37:22-82
uses-permission#android.permission.FOREGROUND_SERVICE
ADDED from src/main/AndroidManifest.xml:38:5-77
MERGED from [com.fanjun:keeplive:1.1.20] AndroidManifest.xml:11:5-77
MERGED from [com.fanjun:keeplive:1.1.20] AndroidManifest.xml:11:5-77
	android:name
		ADDED from src/main/AndroidManifest.xml:38:22-74
uses-permission#android.permission.READ_PHONE_STATE
ADDED from src/main/AndroidManifest.xml:40:5-75
	android:name
		ADDED from src/main/AndroidManifest.xml:40:22-72
uses-permission#android.permission.PROCESS_OUTGOING_CALLS
ADDED from src/main/AndroidManifest.xml:41:5-81
	android:name
		ADDED from src/main/AndroidManifest.xml:41:22-78
uses-permission#android.permission.READ_PRIVILEGED_PHONE_STATE
ADDED from src/main/AndroidManifest.xml:42:5-86
	android:name
		ADDED from src/main/AndroidManifest.xml:42:22-83
uses-permission#android.permission.INTERNET
ADDED from src/main/AndroidManifest.xml:44:5-67
MERGED from [:weidi_library] AndroidManifest.xml:21:5-67
MERGED from [:weidi_library] AndroidManifest.xml:21:5-67
	android:name
		ADDED from src/main/AndroidManifest.xml:44:22-64
application
ADDED from src/main/AndroidManifest.xml:46:5-404:19
MERGED from [:weidi_library] AndroidManifest.xml:24:5-32:19
MERGED from [:weidi_library] AndroidManifest.xml:24:5-32:19
MERGED from [com.fanjun:keeplive:1.1.20] AndroidManifest.xml:17:5-34:19
MERGED from [com.fanjun:keeplive:1.1.20] AndroidManifest.xml:17:5-34:19
MERGED from [androidx.core:core:1.0.0] AndroidManifest.xml:22:5-89
MERGED from [androidx.core:core:1.0.0] AndroidManifest.xml:22:5-89
MERGED from [androidx.versionedparcelable:versionedparcelable:1.0.0] AndroidManifest.xml:22:5-23:19
MERGED from [androidx.versionedparcelable:versionedparcelable:1.0.0] AndroidManifest.xml:22:5-23:19
MERGED from [androidx.constraintlayout:constraintlayout:1.1.3] AndroidManifest.xml:9:5-20
MERGED from [androidx.constraintlayout:constraintlayout:1.1.3] AndroidManifest.xml:9:5-20
	android:appComponentFactory
		ADDED from [androidx.core:core:1.0.0] AndroidManifest.xml:22:18-86
	android:supportsRtl
		ADDED from src/main/AndroidManifest.xml:52:9-35
	android:label
		ADDED from src/main/AndroidManifest.xml:50:9-41
	android:roundIcon
		ADDED from src/main/AndroidManifest.xml:51:9-54
	android:icon
		ADDED from src/main/AndroidManifest.xml:49:9-43
	android:allowBackup
		ADDED from src/main/AndroidManifest.xml:48:9-35
	android:theme
		ADDED from src/main/AndroidManifest.xml:53:9-40
	android:name
		ADDED from src/main/AndroidManifest.xml:47:9-60
activity#com.weidi.usefragments.MainActivity1
ADDED from src/main/AndroidManifest.xml:57:9-85:20
	android:enabled
		ADDED from src/main/AndroidManifest.xml:60:13-35
	android:launchMode
		ADDED from src/main/AndroidManifest.xml:61:13-43
	android:configChanges
		ADDED from src/main/AndroidManifest.xml:59:13-106
	android:name
		ADDED from src/main/AndroidManifest.xml:58:13-42
intent-filter#action:name:android.intent.action.MAIN+category:name:android.intent.category.APP_GALLERY+category:name:android.intent.category.DEFAULT+category:name:android.intent.category.LAUNCHER+category:name:android.intent.category.LEANBACK_LAUNCHER
ADDED from src/main/AndroidManifest.xml:62:13-69:29
action#android.intent.action.MAIN
ADDED from src/main/AndroidManifest.xml:63:17-69
	android:name
		ADDED from src/main/AndroidManifest.xml:63:25-66
category#android.intent.category.LAUNCHER
ADDED from src/main/AndroidManifest.xml:65:17-77
	android:name
		ADDED from src/main/AndroidManifest.xml:65:27-74
category#android.intent.category.DEFAULT
ADDED from src/main/AndroidManifest.xml:66:17-76
	android:name
		ADDED from src/main/AndroidManifest.xml:66:27-73
category#android.intent.category.APP_GALLERY
ADDED from src/main/AndroidManifest.xml:67:17-80
	android:name
		ADDED from src/main/AndroidManifest.xml:67:27-77
category#android.intent.category.LEANBACK_LAUNCHER
ADDED from src/main/AndroidManifest.xml:68:17-86
	android:name
		ADDED from src/main/AndroidManifest.xml:68:27-83
intent-filter#action:name:com.weidi.dtv.smartmediaapp.ACTION_MAIN+category:name:android.intent.category.DEFAULT
ADDED from src/main/AndroidManifest.xml:71:13-75:29
action#com.weidi.dtv.smartmediaapp.ACTION_MAIN
ADDED from src/main/AndroidManifest.xml:72:17-82
	android:name
		ADDED from src/main/AndroidManifest.xml:72:25-79
intent-filter#action:name:android.hardware.usb.action.USB_DEVICE_ATTACHED
ADDED from src/main/AndroidManifest.xml:78:13-80:29
action#android.hardware.usb.action.USB_DEVICE_ATTACHED
ADDED from src/main/AndroidManifest.xml:79:17-90
	android:name
		ADDED from src/main/AndroidManifest.xml:79:25-87
meta-data#android.hardware.usb.action.USB_DEVICE_ATTACHED
ADDED from src/main/AndroidManifest.xml:82:13-84:57
	android:resource
		ADDED from src/main/AndroidManifest.xml:84:17-54
	android:name
		ADDED from src/main/AndroidManifest.xml:83:17-79
activity#com.weidi.usefragments.MainActivity2
ADDED from src/main/AndroidManifest.xml:87:9-90:40
	android:exported
		ADDED from src/main/AndroidManifest.xml:90:13-37
	android:configChanges
		ADDED from src/main/AndroidManifest.xml:89:13-106
	android:name
		ADDED from src/main/AndroidManifest.xml:88:13-42
activity#com.weidi.usefragments.MainActivity3
ADDED from src/main/AndroidManifest.xml:92:9-95:40
	android:exported
		ADDED from src/main/AndroidManifest.xml:95:13-37
	android:configChanges
		ADDED from src/main/AndroidManifest.xml:94:13-106
	android:name
		ADDED from src/main/AndroidManifest.xml:93:13-42
activity#com.weidi.usefragments.business.keeplive.OnePixelActivity
ADDED from src/main/AndroidManifest.xml:97:9-101:55
	android:excludeFromRecents
		ADDED from src/main/AndroidManifest.xml:99:13-46
	android:launchMode
		ADDED from src/main/AndroidManifest.xml:100:13-48
	android:theme
		ADDED from src/main/AndroidManifest.xml:101:13-52
	android:name
		ADDED from src/main/AndroidManifest.xml:98:13-85
service#com.weidi.usefragments.business.audio_player.MusicService
ADDED from src/main/AndroidManifest.xml:103:9-107:39
	android:exported
		ADDED from src/main/AndroidManifest.xml:105:13-36
	android:priority
		ADDED from src/main/AndroidManifest.xml:107:13-36
	android:persistent
		ADDED from src/main/AndroidManifest.xml:106:13-38
	android:name
		ADDED from src/main/AndroidManifest.xml:104:13-63
service#com.weidi.usefragments.business.audio_player.JniMusicService
ADDED from src/main/AndroidManifest.xml:109:9-113:39
	android:exported
		ADDED from src/main/AndroidManifest.xml:111:13-36
	android:priority
		ADDED from src/main/AndroidManifest.xml:113:13-36
	android:persistent
		ADDED from src/main/AndroidManifest.xml:112:13-38
	android:name
		ADDED from src/main/AndroidManifest.xml:110:13-66
service#com.weidi.usefragments.business.video_player.PlayerService
ADDED from src/main/AndroidManifest.xml:115:9-119:39
	android:exported
		ADDED from src/main/AndroidManifest.xml:117:13-36
	android:priority
		ADDED from src/main/AndroidManifest.xml:119:13-36
	android:persistent
		ADDED from src/main/AndroidManifest.xml:118:13-38
	android:name
		ADDED from src/main/AndroidManifest.xml:116:13-64
service#com.weidi.usefragments.service.DownloadFileService
ADDED from src/main/AndroidManifest.xml:121:9-123:40
	android:exported
		ADDED from src/main/AndroidManifest.xml:123:13-37
	android:name
		ADDED from src/main/AndroidManifest.xml:122:13-56
service#com.weidi.usefragments.service.AccessibilityImpl
ADDED from src/main/AndroidManifest.xml:125:9-138:19
	android:enabled
		ADDED from src/main/AndroidManifest.xml:127:13-35
	android:label
		ADDED from src/main/AndroidManifest.xml:129:13-45
	android:exported
		ADDED from src/main/AndroidManifest.xml:128:13-36
	android:permission
		ADDED from src/main/AndroidManifest.xml:130:13-79
	android:name
		ADDED from src/main/AndroidManifest.xml:126:13-76
intent-filter#action:name:android.accessibilityservice.AccessibilityService
ADDED from src/main/AndroidManifest.xml:132:13-134:29
action#android.accessibilityservice.AccessibilityService
ADDED from src/main/AndroidManifest.xml:133:17-92
	android:name
		ADDED from src/main/AndroidManifest.xml:133:25-89
meta-data#android.accessibilityservice
ADDED from src/main/AndroidManifest.xml:135:13-137:64
	android:resource
		ADDED from src/main/AndroidManifest.xml:137:17-61
	android:name
		ADDED from src/main/AndroidManifest.xml:136:17-60
receiver#com.weidi.usefragments.receiver.MediaButtonReceiver
ADDED from src/main/AndroidManifest.xml:140:9-145:20
	android:name
		ADDED from src/main/AndroidManifest.xml:140:19-63
intent-filter#action:name:android.intent.action.MEDIA_BUTTON+action:name:android.media.AUDIO_BECOMING_NOISY
ADDED from src/main/AndroidManifest.xml:141:13-144:29
	android:priority
		ADDED from src/main/AndroidManifest.xml:141:28-57
action#android.intent.action.MEDIA_BUTTON
ADDED from src/main/AndroidManifest.xml:142:17-77
	android:name
		ADDED from src/main/AndroidManifest.xml:142:25-74
action#android.media.AUDIO_BECOMING_NOISY
ADDED from src/main/AndroidManifest.xml:143:17-77
	android:name
		ADDED from src/main/AndroidManifest.xml:143:25-74
receiver#com.weidi.usefragments.receiver.PhoneReceiver
ADDED from src/main/AndroidManifest.xml:147:9-152:20
	android:name
		ADDED from src/main/AndroidManifest.xml:147:19-57
intent-filter#action:name:android.intent.action.NEW_OUTGOING_CALL+action:name:android.intent.action.PHONE_STATE
ADDED from src/main/AndroidManifest.xml:148:13-151:29
	android:priority
		ADDED from src/main/AndroidManifest.xml:148:28-57
action#android.intent.action.PHONE_STATE
ADDED from src/main/AndroidManifest.xml:149:17-76
	android:name
		ADDED from src/main/AndroidManifest.xml:149:25-73
action#android.intent.action.NEW_OUTGOING_CALL
ADDED from src/main/AndroidManifest.xml:150:17-82
	android:name
		ADDED from src/main/AndroidManifest.xml:150:25-79
activity#com.weidi.usefragments.business.video_player.JniPlayerActivity
ADDED from src/main/AndroidManifest.xml:255:9-372:20
	android:enabled
		ADDED from src/main/AndroidManifest.xml:258:13-35
	android:launchMode
		ADDED from src/main/AndroidManifest.xml:260:13-44
	android:windowSoftInputMode
		ADDED from src/main/AndroidManifest.xml:262:13-70
	android:exported
		ADDED from src/main/AndroidManifest.xml:259:13-36
	android:configChanges
		ADDED from src/main/AndroidManifest.xml:257:13-100
	android:theme
		ADDED from src/main/AndroidManifest.xml:261:13-83
	android:name
		ADDED from src/main/AndroidManifest.xml:256:13-90
intent-filter#action:name:android.intent.action.VIEW+action:name:com.alexander.video.action.START_PLAYBACK+action:name:com.weidi.dtv.osat.video.action.START_PLAYBACK+category:name:android.intent.category.BROWSABLE+category:name:android.intent.category.DEFAULT+data:scheme:rtsp
ADDED from src/main/AndroidManifest.xml:263:13-273:29
action#android.intent.action.VIEW
ADDED from src/main/AndroidManifest.xml:264:17-69
	android:name
		ADDED from src/main/AndroidManifest.xml:264:25-66
action#com.alexander.video.action.START_PLAYBACK
ADDED from src/main/AndroidManifest.xml:266:17-84
	android:name
		ADDED from src/main/AndroidManifest.xml:266:25-81
action#com.weidi.dtv.osat.video.action.START_PLAYBACK
ADDED from src/main/AndroidManifest.xml:267:17-89
	android:name
		ADDED from src/main/AndroidManifest.xml:267:25-86
category#android.intent.category.BROWSABLE
ADDED from src/main/AndroidManifest.xml:270:17-78
	android:name
		ADDED from src/main/AndroidManifest.xml:270:27-75
data
ADDED from src/main/AndroidManifest.xml:272:17-47
	android:host
		ADDED from src/main/AndroidManifest.xml:361:23-39
	android:scheme
		ADDED from src/main/AndroidManifest.xml:272:23-44
	android:pathPattern
		ADDED from src/main/AndroidManifest.xml:362:23-52
	android:mimeType
		ADDED from src/main/AndroidManifest.xml:283:23-49
intent-filter#action:name:android.intent.action.VIEW+action:name:com.alexander.video.action.START_PLAYBACK+action:name:com.alexander.video.action.START_PLAYBACK_WITH_DETAIL+action:name:com.weidi.dtv.osat.video.action.START_PLAYBACK+category:name:android.intent.category.DEFAULT+data:mimeType:application/sdp+data:mimeType:video/*
ADDED from src/main/AndroidManifest.xml:274:13-285:29
action#com.alexander.video.action.START_PLAYBACK_WITH_DETAIL
ADDED from src/main/AndroidManifest.xml:279:17-96
	android:name
		ADDED from src/main/AndroidManifest.xml:279:25-93
intent-filter#action:name:android.intent.action.VIEW+category:name:android.intent.category.DEFAULT+data:mimeType:application/sdp+data:mimeType:audio/*
ADDED from src/main/AndroidManifest.xml:287:13-293:29
intent-filter#action:name:com.weidi.dtv.osat.video.action.START_PLAYBACK+category:name:android.intent.category.DEFAULT
ADDED from src/main/AndroidManifest.xml:294:13-297:29
intent-filter#action:name:android.intent.action.VIEW+action:name:com.alexander.video.action.START_PLAYBACK+action:name:com.alexander.video.action.START_PLAYBACK_WITH_DETAIL+action:name:com.weidi.dtv.osat.video.action.START_PLAYBACK+category:name:android.intent.category.BROWSABLE+category:name:android.intent.category.DEFAULT+data:mimeType:application/sdp+data:mimeType:video/3gp+data:mimeType:video/3gpp+data:mimeType:video/3gpp2+data:mimeType:video/avi+data:mimeType:video/ismv+data:mimeType:video/mp4+data:mimeType:video/mpeg+data:mimeType:video/mpeg4+data:mimeType:video/vnd.dlna.mpeg-tts+data:mimeType:video/webm+data:mimeType:video/x-m4v+data:mimeType:video/x-matroska+data:mimeType:video/x-ms-asf+data:mimeType:video/x-ms-wmv+data:scheme:content+data:scheme:dlna+data:scheme:file+data:scheme:http+data:scheme:https
ADDED from src/main/AndroidManifest.xml:298:13-328:29
intent-filter#action:name:android.intent.action.VIEW+action:name:com.alexander.video.action.START_PLAYBACK+action:name:com.alexander.video.action.START_PLAYBACK_WITH_DETAIL+action:name:com.weidi.dtv.osat.video.action.START_PLAYBACK+category:name:android.intent.category.BROWSABLE+category:name:android.intent.category.DEFAULT+data:mimeType:application/dash+xml+data:mimeType:application/vnd.apple.mpegurl+data:mimeType:application/x-mpegurl+data:mimeType:audio/mpegurl+data:mimeType:audio/x-mpegurl+data:scheme:http+data:scheme:https
ADDED from src/main/AndroidManifest.xml:329:13-347:29
intent-filter#action:name:android.intent.action.VIEW+action:name:com.alexander.video.action.START_PLAYBACK+action:name:com.alexander.video.action.START_PLAYBACK_WITH_DETAIL+action:name:com.weidi.dtv.osat.video.action.START_PLAYBACK+category:name:android.intent.category.BROWSABLE+category:name:android.intent.category.DEFAULT+data:host:*+data:pathPattern:.*.m3u8+data:scheme:http+data:scheme:https
ADDED from src/main/AndroidManifest.xml:348:13-363:29
intent-filter#action:name:com.alexander.video.action.PROGRESSIVE_PLAYBACK+action:name:com.alexander.video.action.PROGRESSIVE_PLAYBACK_WITH_DETAIL+category:name:android.intent.category.DEFAULT+data:mimeType:video/vnd.weidi.mnv
ADDED from src/main/AndroidManifest.xml:364:13-371:29
action#com.alexander.video.action.PROGRESSIVE_PLAYBACK
ADDED from src/main/AndroidManifest.xml:366:17-90
	android:name
		ADDED from src/main/AndroidManifest.xml:366:25-87
action#com.alexander.video.action.PROGRESSIVE_PLAYBACK_WITH_DETAIL
ADDED from src/main/AndroidManifest.xml:367:17-102
	android:name
		ADDED from src/main/AndroidManifest.xml:367:25-99
service#com.weidi.usefragments.business.keeplive.JobHandlerService
ADDED from src/main/AndroidManifest.xml:388:9-390:72
	android:permission
		ADDED from src/main/AndroidManifest.xml:390:13-69
	android:name
		ADDED from src/main/AndroidManifest.xml:389:13-86
service#com.weidi.usefragments.business.keeplive.RemoteService
ADDED from src/main/AndroidManifest.xml:392:9-396:41
	android:process
		ADDED from src/main/AndroidManifest.xml:396:13-38
	android:enabled
		ADDED from src/main/AndroidManifest.xml:394:13-35
	android:exported
		ADDED from src/main/AndroidManifest.xml:395:13-36
	android:name
		ADDED from src/main/AndroidManifest.xml:393:13-82
service#com.weidi.usefragments.business.video_player.MediaDataService
ADDED from src/main/AndroidManifest.xml:398:9-402:45
	android:process
		ADDED from src/main/AndroidManifest.xml:402:13-42
	android:enabled
		ADDED from src/main/AndroidManifest.xml:400:13-35
	android:exported
		ADDED from src/main/AndroidManifest.xml:401:13-36
	android:name
		ADDED from src/main/AndroidManifest.xml:399:13-89
uses-sdk
INJECTED from src/main/AndroidManifest.xml reason: use-sdk injection requested
INJECTED from src/main/AndroidManifest.xml
INJECTED from src/main/AndroidManifest.xml
MERGED from [:library:core] AndroidManifest.xml:20:5-22:41
MERGED from [:library:core] AndroidManifest.xml:20:5-22:41
MERGED from [:weidi_library] AndroidManifest.xml:6:5-8:41
MERGED from [:weidi_library] AndroidManifest.xml:6:5-8:41
MERGED from [com.fanjun:keeplive:1.1.20] AndroidManifest.xml:7:5-9:41
MERGED from [com.fanjun:keeplive:1.1.20] AndroidManifest.xml:7:5-9:41
MERGED from [androidx.appcompat:appcompat:1.0.0] AndroidManifest.xml:20:5-44
MERGED from [androidx.appcompat:appcompat:1.0.0] AndroidManifest.xml:20:5-44
MERGED from [androidx.cardview:cardview:1.0.0] AndroidManifest.xml:20:5-44
MERGED from [androidx.cardview:cardview:1.0.0] AndroidManifest.xml:20:5-44
MERGED from [androidx.legacy:legacy-support-v13:1.0.0] AndroidManifest.xml:20:5-44
MERGED from [androidx.legacy:legacy-support-v13:1.0.0] AndroidManifest.xml:20:5-44
MERGED from [androidx.legacy:legacy-support-v4:1.0.0] AndroidManifest.xml:20:5-44
MERGED from [androidx.legacy:legacy-support-v4:1.0.0] AndroidManifest.xml:20:5-44
MERGED from [androidx.gridlayout:gridlayout:1.0.0] AndroidManifest.xml:20:5-44
MERGED from [androidx.gridlayout:gridlayout:1.0.0] AndroidManifest.xml:20:5-44
MERGED from [androidx.media:media:1.0.0] AndroidManifest.xml:20:5-44
MERGED from [androidx.media:media:1.0.0] AndroidManifest.xml:20:5-44
MERGED from [androidx.fragment:fragment:1.0.0] AndroidManifest.xml:20:5-44
MERGED from [androidx.fragment:fragment:1.0.0] AndroidManifest.xml:20:5-44
MERGED from [androidx.vectordrawable:vectordrawable-animated:1.0.0] AndroidManifest.xml:20:5-44
MERGED from [androidx.vectordrawable:vectordrawable-animated:1.0.0] AndroidManifest.xml:20:5-44
MERGED from [androidx.legacy:legacy-support-core-ui:1.0.0] AndroidManifest.xml:20:5-44
MERGED from [androidx.legacy:legacy-support-core-ui:1.0.0] AndroidManifest.xml:20:5-44
MERGED from [androidx.legacy:legacy-support-core-utils:1.0.0] AndroidManifest.xml:20:5-44
MERGED from [androidx.legacy:legacy-support-core-utils:1.0.0] AndroidManifest.xml:20:5-44
MERGED from [androidx.vectordrawable:vectordrawable:1.0.0] AndroidManifest.xml:20:5-44
MERGED from [androidx.vectordrawable:vectordrawable:1.0.0] AndroidManifest.xml:20:5-44
MERGED from [androidx.loader:loader:1.0.0] AndroidManifest.xml:20:5-44
MERGED from [androidx.loader:loader:1.0.0] AndroidManifest.xml:20:5-44
MERGED from [androidx.viewpager:viewpager:1.0.0] AndroidManifest.xml:20:5-44
MERGED from [androidx.viewpager:viewpager:1.0.0] AndroidManifest.xml:20:5-44
MERGED from [androidx.coordinatorlayout:coordinatorlayout:1.0.0] AndroidManifest.xml:20:5-44
MERGED from [androidx.coordinatorlayout:coordinatorlayout:1.0.0] AndroidManifest.xml:20:5-44
MERGED from [androidx.drawerlayout:drawerlayout:1.0.0] AndroidManifest.xml:20:5-44
MERGED from [androidx.drawerlayout:drawerlayout:1.0.0] AndroidManifest.xml:20:5-44
MERGED from [androidx.slidingpanelayout:slidingpanelayout:1.0.0] AndroidManifest.xml:20:5-44
MERGED from [androidx.slidingpanelayout:slidingpanelayout:1.0.0] AndroidManifest.xml:20:5-44
MERGED from [androidx.customview:customview:1.0.0] AndroidManifest.xml:20:5-44
MERGED from [androidx.customview:customview:1.0.0] AndroidManifest.xml:20:5-44
MERGED from [androidx.swiperefreshlayout:swiperefreshlayout:1.0.0] AndroidManifest.xml:20:5-44
MERGED from [androidx.swiperefreshlayout:swiperefreshlayout:1.0.0] AndroidManifest.xml:20:5-44
MERGED from [androidx.asynclayoutinflater:asynclayoutinflater:1.0.0] AndroidManifest.xml:20:5-44
MERGED from [androidx.asynclayoutinflater:asynclayoutinflater:1.0.0] AndroidManifest.xml:20:5-44
MERGED from [androidx.core:core:1.0.0] AndroidManifest.xml:20:5-44
MERGED from [androidx.core:core:1.0.0] AndroidManifest.xml:20:5-44
MERGED from [androidx.versionedparcelable:versionedparcelable:1.0.0] AndroidManifest.xml:20:5-44
MERGED from [androidx.versionedparcelable:versionedparcelable:1.0.0] AndroidManifest.xml:20:5-44
MERGED from [androidx.cursoradapter:cursoradapter:1.0.0] AndroidManifest.xml:20:5-44
MERGED from [androidx.cursoradapter:cursoradapter:1.0.0] AndroidManifest.xml:20:5-44
MERGED from [androidx.lifecycle:lifecycle-runtime:2.0.0] AndroidManifest.xml:20:5-44
MERGED from [androidx.lifecycle:lifecycle-runtime:2.0.0] AndroidManifest.xml:20:5-44
MERGED from [androidx.documentfile:documentfile:1.0.0] AndroidManifest.xml:20:5-44
MERGED from [androidx.documentfile:documentfile:1.0.0] AndroidManifest.xml:20:5-44
MERGED from [androidx.localbroadcastmanager:localbroadcastmanager:1.0.0] AndroidManifest.xml:20:5-44
MERGED from [androidx.localbroadcastmanager:localbroadcastmanager:1.0.0] AndroidManifest.xml:20:5-44
MERGED from [androidx.print:print:1.0.0] AndroidManifest.xml:20:5-44
MERGED from [androidx.print:print:1.0.0] AndroidManifest.xml:20:5-44
MERGED from [androidx.interpolator:interpolator:1.0.0] AndroidManifest.xml:20:5-44
MERGED from [androidx.interpolator:interpolator:1.0.0] AndroidManifest.xml:20:5-44
MERGED from [androidx.lifecycle:lifecycle-viewmodel:2.0.0] AndroidManifest.xml:20:5-44
MERGED from [androidx.lifecycle:lifecycle-viewmodel:2.0.0] AndroidManifest.xml:20:5-44
MERGED from [androidx.lifecycle:lifecycle-livedata:2.0.0] AndroidManifest.xml:20:5-44
MERGED from [androidx.lifecycle:lifecycle-livedata:2.0.0] AndroidManifest.xml:20:5-44
MERGED from [androidx.lifecycle:lifecycle-livedata-core:2.0.0] AndroidManifest.xml:20:5-44
MERGED from [androidx.lifecycle:lifecycle-livedata-core:2.0.0] AndroidManifest.xml:20:5-44
MERGED from [androidx.arch.core:core-runtime:2.0.0] AndroidManifest.xml:20:5-44
MERGED from [androidx.arch.core:core-runtime:2.0.0] AndroidManifest.xml:20:5-44
MERGED from [androidx.constraintlayout:constraintlayout:1.1.3] AndroidManifest.xml:5:5-7:41
MERGED from [androidx.constraintlayout:constraintlayout:1.1.3] AndroidManifest.xml:5:5-7:41
INJECTED from src/main/AndroidManifest.xml
INJECTED from src/main/AndroidManifest.xml
	android:targetSdkVersion
		INJECTED from src/main/AndroidManifest.xml
		ADDED from src/main/AndroidManifest.xml
		INJECTED from src/main/AndroidManifest.xml
	android:minSdkVersion
		INJECTED from src/main/AndroidManifest.xml
		ADDED from src/main/AndroidManifest.xml
		INJECTED from src/main/AndroidManifest.xml
uses-permission#android.permission.ACCESS_NETWORK_STATE
ADDED from [:library:core] AndroidManifest.xml:24:5-79
MERGED from [:weidi_library] AndroidManifest.xml:16:5-79
MERGED from [:weidi_library] AndroidManifest.xml:16:5-79
	android:name
		ADDED from [:library:core] AndroidManifest.xml:24:22-76
uses-permission#android.permission.VIBRATE
ADDED from [:weidi_library] AndroidManifest.xml:10:5-66
	android:name
		ADDED from [:weidi_library] AndroidManifest.xml:10:22-63
uses-permission#android.permission.ACCESS_WIFI_STATE
ADDED from [:weidi_library] AndroidManifest.xml:13:5-76
	android:name
		ADDED from [:weidi_library] AndroidManifest.xml:13:22-73
uses-permission#android.permission.CHANGE_WIFI_STATE
ADDED from [:weidi_library] AndroidManifest.xml:14:5-76
	android:name